<?xml version="1.0" encoding="UTF-8"?>
<testsuite xmlns:xsi="http://www.w3.org/2001/XMLSchema-instance" xsi:noNamespaceSchemaLocation="https://maven.apache.org/surefire/maven-surefire-plugin/xsd/surefire-test-report.xsd" name="com.hu.scraper.AppTest" time="0.026" tests="1" errors="0" skipped="0" failures="0">
  <properties>
    <property name="java.specification.version" value="13"/>
    <property name="sun.jnu.encoding" value="UTF-8"/>
    <property name="java.class.path" value="/Users/gentlemanhu/Documents/Codes/Java/scraper/huscraper/huscraper/target/test-classes:/Users/gentlemanhu/Documents/Codes/Java/scraper/huscraper/huscraper/target/classes:/Users/gentlemanhu/.m2/repository/junit/junit/4.12/junit-4.12.jar:/Users/gentlemanhu/.m2/repository/org/hamcrest/hamcrest-core/1.3/hamcrest-core-1.3.jar:/Users/gentlemanhu/.m2/repository/org/jsoup/jsoup/1.11.3/jsoup-1.11.3.jar:/Users/gentlemanhu/.m2/repository/com/google/code/gson/gson/2.8.6/gson-2.8.6.jar:"/>
    <property name="java.vm.vendor" value="Oracle Corporation"/>
    <property name="sun.arch.data.model" value="64"/>
    <property name="java.vendor.url" value="https://java.oracle.com/"/>
    <property name="os.name" value="Mac OS X"/>
    <property name="java.vm.specification.version" value="13"/>
    <property name="sun.java.launcher" value="SUN_STANDARD"/>
    <property name="user.country" value="CN"/>
    <property name="sun.boot.library.path" value="/Library/Java/JavaVirtualMachines/jdk-13.jdk/Contents/Home/lib"/>
    <property name="sun.java.command" value="/Users/gentlemanhu/Documents/Codes/Java/scraper/huscraper/huscraper/target/surefire/surefirebooter17953212754139242003.jar /Users/gentlemanhu/Documents/Codes/Java/scraper/huscraper/huscraper/target/surefire 2019-12-31T21-23-40_341-jvmRun1 surefire4864023336029376979tmp surefire_06400639214987668894tmp"/>
    <property name="jdk.debug" value="release"/>
    <property name="surefire.test.class.path" value="/Users/gentlemanhu/Documents/Codes/Java/scraper/huscraper/huscraper/target/test-classes:/Users/gentlemanhu/Documents/Codes/Java/scraper/huscraper/huscraper/target/classes:/Users/gentlemanhu/.m2/repository/junit/junit/4.12/junit-4.12.jar:/Users/gentlemanhu/.m2/repository/org/hamcrest/hamcrest-core/1.3/hamcrest-core-1.3.jar:/Users/gentlemanhu/.m2/repository/org/jsoup/jsoup/1.11.3/jsoup-1.11.3.jar:/Users/gentlemanhu/.m2/repository/com/google/code/gson/gson/2.8.6/gson-2.8.6.jar:"/>
    <property name="sun.cpu.endian" value="little"/>
    <property name="user.home" value="/Users/gentlemanhu"/>
    <property name="user.language" value="zh"/>
    <property name="java.specification.vendor" value="Oracle Corporation"/>
    <property name="java.version.date" value="2019-09-17"/>
    <property name="java.home" value="/Library/Java/JavaVirtualMachines/jdk-13.jdk/Contents/Home"/>
    <property name="file.separator" value="/"/>
    <property name="basedir" value="/Users/gentlemanhu/Documents/Codes/Java/scraper/huscraper/huscraper"/>
    <property name="java.vm.compressedOopsMode" value="Zero based"/>
    <property name="line.separator" value="&#10;"/>
    <property name="java.vm.specification.vendor" value="Oracle Corporation"/>
    <property name="java.specification.name" value="Java Platform API Specification"/>
    <property name="surefire.real.class.path" value="/Users/gentlemanhu/Documents/Codes/Java/scraper/huscraper/huscraper/target/surefire/surefirebooter17953212754139242003.jar"/>
    <property name="user.script" value="Hans"/>
    <property name="sun.management.compiler" value="HotSpot 64-Bit Tiered Compilers"/>
    <property name="java.runtime.version" value="13+33"/>
    <property name="user.name" value="gentlemanhu"/>
    <property name="path.separator" value=":"/>
    <property name="os.version" value="10.14.6"/>
    <property name="java.runtime.name" value="Java(TM) SE Runtime Environment"/>
    <property name="file.encoding" value="UTF-8"/>
    <property name="java.vm.name" value="Java HotSpot(TM) 64-Bit Server VM"/>
    <property name="localRepository" value="/Users/gentlemanhu/.m2/repository"/>
    <property name="java.vendor.url.bug" value="https://bugreport.java.com/bugreport/"/>
    <property name="java.io.tmpdir" value="/var/folders/k7/c7qwnd453p10ln4wynh4phj80000gn/T/"/>
    <property name="java.version" value="13"/>
    <property name="user.dir" value="/Users/gentlemanhu/Documents/Codes/Java/scraper/huscraper/huscraper"/>
    <property name="os.arch" value="x86_64"/>
    <property name="java.vm.specification.name" value="Java Virtual Machine Specification"/>
    <property name="java.library.path" value="/Users/gentlemanhu/Library/Java/Extensions:/Library/Java/Extensions:/Network/Library/Java/Extensions:/System/Library/Java/Extensions:/usr/lib/java:."/>
    <property name="java.vm.info" value="mixed mode, sharing"/>
    <property name="java.vendor" value="Oracle Corporation"/>
    <property name="java.vm.version" value="13+33"/>
    <property name="sun.io.unicode.encoding" value="UnicodeBig"/>
    <property name="java.class.version" value="57.0"/>
  </properties>
  <testcase name="shouldAnswerWithTrue" classname="com.hu.scraper.AppTest" time="0.002"/>
</testsuite>